<?xml version="1.0" encoding="UTF-8"?>
<!-- Generated by org.testng.reporters.JUnitReportReporter -->
<testsuite skipped="0" hostname="HMECL002321" name="com.qa.testcases.HomePageTest" tests="3" failures="0" timestamp="09 Sep 2020 10:50:57 GMT" time="43.218" errors="0">
  <testcase name="verifyHomepagetitleTest" time="11.022" classname="com.qa.testcases.HomePageTest"/>
  <testcase name="verifyUsernameTest" time="14.025" classname="com.qa.testcases.HomePageTest"/>
  <testcase name="verifyContactlinkTest" time="18.171" classname="com.qa.testcases.HomePageTest"/>
</testsuite> <!-- com.qa.testcases.HomePageTest -->
