<?xml version="1.0" encoding="UTF-8"?>
<!-- Generated by org.testng.reporters.JUnitReportReporter -->
<testsuite skipped="0" hostname="HMECL002321" name="com.qa.testcases.LoginPageTest" tests="2" failures="0" timestamp="08 Sep 2020 15:19:52 GMT" time="25.529" errors="0">
  <testcase name="loginPagetitletest" time="10.425" classname="com.qa.testcases.LoginPageTest"/>
  <testcase name="loginTest" time="15.104" classname="com.qa.testcases.LoginPageTest"/>
</testsuite> <!-- com.qa.testcases.LoginPageTest -->
